<?xml version="1.0" encoding="UTF-8"?>
<Site BuildName="(empty)"
	BuildStamp="20250224-1742-Experimental"
	Name="(empty)"
	Generator="ctest-3.28.3"
	CompilerName=""
	CompilerVersion=""
	OSName="Linux"
	Hostname="micha-szandarowski-Vivobook-ASUSLaptop-K3605ZC-K3605ZC"
	OSRelease="6.11.0-17-generic"
	OSVersion="#17~24.04.2-Ubuntu SMP PREEMPT_DYNAMIC Mon Jan 20 22:48:29 UTC 2"
	OSPlatform="x86_64"
	Is64Bits="1"
	VendorString="GenuineIntel"
	VendorID="Intel Corporation"
	FamilyID="6"
	ModelID="154"
	ProcessorCacheSize="12288"
	NumberOfLogicalCPU="12"
	NumberOfPhysicalCPU="8"
	TotalVirtualMemory="4095"
	TotalPhysicalMemory="15666"
	LogicalProcessorsPerPhysical="1"
	ProcessorClockFrequency="2077.89"
	>
	<Testing>
		<StartDateTime>Feb 24 18:42 CET</StartDateTime>
		<StartTestTime>1740418963</StartTestTime>
		<TestList/>
		<EndDateTime>Feb 24 18:42 CET</EndDateTime>
		<EndTestTime>1740418963</EndTestTime>
		<ElapsedMinutes>0</ElapsedMinutes>
	</Testing>
</Site>
